[1/3] Descubriendo productos en https://www.supertrebol.cl/sitemap.xml …
      8898 URLs de producto en sitemap.
      50 ya en staging (resume).
[2/3] Descargando 8848 productos (rate=3.0 req/s, workers=5) …
      100/8848  ok=100 err=0  (3.0/s)
      200/8848  ok=200 err=0  (3.0/s)
      300/8848  ok=300 err=0  (3.0/s)
      400/8848  ok=400 err=0  (3.0/s)
      500/8848  ok=500 err=0  (3.0/s)
      600/8848  ok=600 err=0  (3.0/s)
      700/8848  ok=700 err=0  (3.0/s)
      800/8848  ok=800 err=0  (3.0/s)
      900/8848  ok=900 err=0  (3.0/s)
      1000/8848  ok=1000 err=0  (3.0/s)
      1100/8848  ok=1100 err=0  (3.0/s)
      1200/8848  ok=1200 err=0  (3.0/s)
      1300/8848  ok=1300 err=0  (3.0/s)
      1400/8848  ok=1400 err=0  (3.0/s)
      1500/8848  ok=1500 err=0  (3.0/s)
      1600/8848  ok=1600 err=0  (3.0/s)
      1700/8848  ok=1700 err=0  (3.0/s)
      1800/8848  ok=1800 err=0  (3.0/s)
      1900/8848  ok=1900 err=0  (3.0/s)
      2000/8848  ok=2000 err=0  (3.0/s)
      2100/8848  ok=2100 err=0  (3.0/s)
      2200/8848  ok=2200 err=0  (3.0/s)
      2300/8848  ok=2300 err=0  (3.0/s)
      2400/8848  ok=2400 err=0  (3.0/s)
      2500/8848  ok=2500 err=0  (3.0/s)
      2600/8848  ok=2600 err=0  (3.0/s)
      2700/8848  ok=2700 err=0  (3.0/s)
      2800/8848  ok=2800 err=0  (3.0/s)
      2900/8848  ok=2900 err=0  (2.9/s)
      3000/8848  ok=3000 err=0  (2.9/s)
      3100/8848  ok=3100 err=0  (2.9/s)
      3200/8848  ok=3200 err=0  (2.9/s)
      3300/8848  ok=3300 err=0  (2.9/s)
      3400/8848  ok=3400 err=0  (2.9/s)
      3500/8848  ok=3500 err=0  (2.5/s)
      3600/8848  ok=3600 err=0  (2.5/s)
      3700/8848  ok=3700 err=0  (2.4/s)
      3800/8848  ok=3800 err=0  (2.4/s)
      3900/8848  ok=3900 err=0  (2.3/s)
      4000/8848  ok=4000 err=0  (1.8/s)
      4100/8848  ok=4100 err=0  (1.7/s)
      4200/8848  ok=4200 err=0  (1.6/s)
      4300/8848  ok=4300 err=0  (1.5/s)
      4400/8848  ok=4400 err=0  (1.5/s)
      4500/8848  ok=4500 err=0  (1.5/s)
      4600/8848  ok=4600 err=0  (1.5/s)
      4700/8848  ok=4700 err=0  (1.5/s)
      4800/8848  ok=4800 err=0  (1.5/s)
      4900/8848  ok=4900 err=0  (1.5/s)
      5000/8848  ok=5000 err=0  (1.6/s)
      5100/8848  ok=5100 err=0  (1.6/s)
      5200/8848  ok=5200 err=0  (1.6/s)
      5300/8848  ok=5300 err=0  (1.6/s)
      5400/8848  ok=5400 err=0  (1.6/s)
      5500/8848  ok=5500 err=0  (1.6/s)
      5600/8848  ok=5600 err=0  (1.4/s)
      5700/8848  ok=5700 err=0  (1.4/s)
      5800/8848  ok=5800 err=0  (1.4/s)
      5900/8848  ok=5900 err=0  (1.4/s)
      6000/8848  ok=6000 err=0  (1.5/s)
      6100/8848  ok=6100 err=0  (1.5/s)
      6200/8848  ok=6200 err=0  (1.5/s)
      6300/8848  ok=6300 err=0  (1.5/s)
      6400/8848  ok=6400 err=0  (1.5/s)
      6500/8848  ok=6500 err=0  (1.5/s)
      6600/8848  ok=6600 err=0  (1.5/s)
      6700/8848  ok=6700 err=0  (1.5/s)
      6800/8848  ok=6800 err=0  (1.6/s)
      6900/8848  ok=6900 err=0  (1.6/s)
      7000/8848  ok=7000 err=0  (1.6/s)
      7100/8848  ok=7100 err=0  (1.6/s)
      7200/8848  ok=7200 err=0  (1.6/s)
